[18:40:06] This is prokka 1.14.5
[18:40:06] Written by Torsten Seemann <torsten.seemann@gmail.com>
[18:40:06] Homepage is https://github.com/tseemann/prokka
[18:40:06] Local time is Fri Apr 17 18:40:06 2026
[18:40:06] You are qich5654
[18:40:06] Operating system is linux
[18:40:06] You have BioPerl 1.7.8
[18:40:06] System has 96 cores.
[18:40:06] Will use maximum of 2 cores.
[18:40:06] Annotating as >>> Bacteria <<<
[18:40:06] Generating locus_tag from '02_assembly/polishing/efaecium_E745_polished.fasta' contents.
[18:40:06] Setting --locustag NHECHLLE from MD5 71ec155ec7b723d458333e768514b9af
[18:40:06] Re-using existing --outdir 03_annotation/prokka
[18:40:06] Using filename prefix: efaecium_E745.XXX
[18:40:06] Setting HMMER_NCPU=1
[18:40:06] Writing log to: 03_annotation/prokka/efaecium_E745.log
[18:40:06] Command: /sw/arch/eb/software/prokka/1.14.5-gompi-2024a/bin/prokka --outdir 03_annotation/prokka --prefix efaecium_E745 --genus Enterococcus --species faecium --strain E745 --cpus 2 --force 02_assembly/polishing/efaecium_E745_polished.fasta
[18:40:06] Appending to PATH: /sw/arch/eb/software/prokka/1.14.5-gompi-2024a/bin/../binaries/linux
[18:40:06] Appending to PATH: /sw/arch/eb/software/prokka/1.14.5-gompi-2024a/bin/../binaries/linux/../common
[18:40:06] Appending to PATH: /sw/arch/eb/software/prokka/1.14.5-gompi-2024a/bin
[18:40:06] Looking for 'aragorn' - found /sw/arch/eb/software/prokka/1.14.5-gompi-2024a/bin/../binaries/linux/aragorn
[18:40:06] Determined aragorn version is 001002 from 'ARAGORN v1.2.38 Dean Laslett'
[18:40:06] Looking for 'blastp' - found /sw/arch/eb/software/BLAST+/2.16.0-gompi-2024a/bin/blastp
[18:40:13] Determined blastp version is 002016 from 'blastp: 2.16.0+'
[18:40:13] Looking for 'cmpress' - found /sw/arch/eb/software/prokka/1.14.5-gompi-2024a/bin/../binaries/linux/cmpress
[18:40:13] Determined cmpress version is 001001 from '# INFERNAL 1.1.2 (July 2016)'
[18:40:13] Looking for 'cmscan' - found /sw/arch/eb/software/prokka/1.14.5-gompi-2024a/bin/../binaries/linux/cmscan
[18:40:13] Determined cmscan version is 001001 from '# INFERNAL 1.1.2 (July 2016)'
[18:40:13] Looking for 'egrep' - found /usr/bin/egrep
[18:40:13] Looking for 'find' - found /usr/bin/find
[18:40:13] Looking for 'grep' - found /usr/bin/grep
[18:40:13] Looking for 'hmmpress' - found /sw/arch/eb/software/prokka/1.14.5-gompi-2024a/bin/../binaries/linux/hmmpress
[18:40:13] Determined hmmpress version is 003001 from '# HMMER 3.1b2 (February 2015); http://hmmer.org/'
[18:40:13] Looking for 'hmmscan' - found /sw/arch/eb/software/prokka/1.14.5-gompi-2024a/bin/../binaries/linux/hmmscan
[18:40:13] Determined hmmscan version is 003001 from '# HMMER 3.1b2 (February 2015); http://hmmer.org/'
[18:40:13] Looking for 'java' - found /sw/arch/eb/software/Java/17.0.15/bin/java
[18:40:13] Looking for 'makeblastdb' - found /sw/arch/eb/software/BLAST+/2.16.0-gompi-2024a/bin/makeblastdb
[18:40:19] Determined makeblastdb version is 002016 from 'makeblastdb: 2.16.0+'
[18:40:19] Looking for 'minced' - found /sw/arch/eb/software/prokka/1.14.5-gompi-2024a/bin/../binaries/linux/../common/minced
[18:40:19] Determined minced version is 002000 from 'minced 0.2.0'
[18:40:19] Looking for 'parallel' - found /sw/arch/eb/software/parallel/20240722-GCCcore-13.3.0/bin/parallel
[18:40:20] Determined parallel version is 20240722 from 'GNU parallel 20240722'
[18:40:20] Looking for 'prodigal' - found /sw/arch/eb/software/prokka/1.14.5-gompi-2024a/bin/../binaries/linux/prodigal
[18:40:20] Determined prodigal version is 002006 from 'Prodigal V2.6.3: February, 2016'
[18:40:20] Looking for 'prokka-genbank_to_fasta_db' - found /sw/arch/eb/software/prokka/1.14.5-gompi-2024a/bin/prokka-genbank_to_fasta_db
[18:40:20] Looking for 'sed' - found /usr/bin/sed
[18:40:20] Looking for 'tbl2asn' - found /sw/arch/eb/software/tbl2asn/20230713-GCCcore-13.3.0/bin/tbl2asn
[18:40:20] Determined tbl2asn version is 025008 from 'tbl2asn 25.8   arguments:'
[18:40:20] Using genetic code table 11.
[18:40:20] Loading and checking input file: 02_assembly/polishing/efaecium_E745_polished.fasta
[18:40:20] Wrote 10 contigs totalling 3115191 bp.
[18:40:20] Predicting tRNAs and tmRNAs
[18:40:20] Running: aragorn -l -gc11  -w 03_annotation\/prokka\/efaecium_E745\.fna
[18:40:21] 1 tRNA-Met [2131,2204] 35 (cat)
[18:40:21] 2 tmRNA c[4591,4954] 91,129 AKNENNSYALAA*
[18:40:21] 3 tRNA-Ser [33772,33859] 33 (cga)
[18:40:21] 4 tRNA-Met [297641,297716] 36 (cat)
[18:40:21] 5 tRNA-Gln [521621,521693] 34 (ctg)
[18:40:21] 6 tRNA-Leu c[526063,526148] 36 (cag)
[18:40:21] 7 tRNA-Leu [615186,615270] 35 (gag)
[18:40:21] 8 tRNA-Leu c[778336,778422] 36 (caa)
[18:40:21] 9 tRNA-Gln c[778438,778511] 34 (ttg)
[18:40:21] 10 tRNA-His c[778519,778592] 34 (gtg)
[18:40:21] 11 tRNA-Leu c[778653,778739] 36 (caa)
[18:40:21] 12 tRNA-Cys c[778759,778829] 33 (gca)
[18:40:21] 13 tRNA-Gln c[778874,778947] 34 (ttg)
[18:40:21] 14 tRNA-His c[778957,779030] 34 (gtg)
[18:40:21] 15 tRNA-Trp c[779033,779106] 33 (cca)
[18:40:21] 16 tRNA-Tyr c[779112,779194] 36 (gta)
[18:40:21] 17 tRNA-Phe c[779195,779270] 34 (gaa)
[18:40:21] 18 tRNA-Asp c[779304,779379] 35 (gtc)
[18:40:21] 19 tRNA-Val c[779387,779461] 35 (tac)
[18:40:21] 20 tRNA-Glu c[779475,779548] 35 (ttc)
[18:40:21] 21 tRNA-Ser c[779561,779652] 36 (gga)
[18:40:21] 22 tRNA-Asn c[779690,779765] 36 (gtt)
[18:40:21] 23 tRNA-Ala c[783191,783263] 34 (tgc)
[18:40:21] 24 tRNA-Met c[912459,912532] 35 (cat)
[18:40:21] 25 tRNA-Lys [964401,964473] 34 (ctt)
[18:40:21] 26 tRNA-Glu c[1164537,1164610] 35 (ttc)
[18:40:21] 27 tRNA-Ile c[1164620,1164695] 36 (gat)
[18:40:21] 28 tRNA-Gly c[1164707,1164777] 33 (tcc)
[18:40:21] 29 tRNA-Phe c[1164781,1164855] 35 (gaa)
[18:40:21] 30 tRNA-Asp c[1164857,1164931] 35 (gtc)
[18:40:21] 31 tRNA-Met c[1164948,1165023] 36 (cat)
[18:40:21] 32 tRNA-Ser c[1165035,1165124] 37 (tga)
[18:40:21] 33 tRNA-Glu c[1165146,1165219] 35 (ttc)
[18:40:21] 34 tRNA-Ser c[1165239,1165328] 36 (gct)
[18:40:21] 35 tRNA-Ile c[1165351,1165426] 36 (gat)
[18:40:21] 36 tRNA-Gly c[1165439,1165509] 33 (tcc)
[18:40:21] 37 tRNA-Asp c[1165511,1165586] 34 (gtc)
[18:40:21] 38 tRNA-Met c[1165604,1165679] 36 (cat)
[18:40:21] 39 tRNA-Ser c[1165691,1165780] 37 (tga)
[18:40:21] 40 tRNA-Met c[1165803,1165878] 36 (cat)
[18:40:21] 41 tRNA-Met c[1165890,1165965] 36 (cat)
[18:40:21] 42 tRNA-Ala c[1165992,1166064] 34 (tgc)
[18:40:21] 43 tRNA-Pro c[1166084,1166157] 35 (tgg)
[18:40:21] 44 tRNA-Arg c[1166166,1166241] 36 (acg)
[18:40:21] 45 tRNA-Leu c[1166251,1166336] 35 (taa)
[18:40:21] 46 tRNA-Gly c[1166353,1166424] 33 (gcc)
[18:40:21] 47 tRNA-Thr c[1166434,1166509] 35 (tgt)
[18:40:21] 48 tRNA-Leu c[1166525,1166608] 36 (tag)
[18:40:21] 49 tRNA-Lys c[1166614,1166688] 35 (ttt)
[18:40:21] 50 tRNA-Val c[1166690,1166764] 35 (tac)
[18:40:21] 51 tRNA-Ala c[1170194,1170266] 34 (tgc)
[18:40:21] 52 tRNA-Arg c[1396290,1396366] 36 (acg)
[18:40:21] 53 tRNA-Pro c[1396423,1396496] 35 (tgg)
[18:40:21] 54 tRNA-Arg c[1396517,1396592] 36 (acg)
[18:40:21] 55 tRNA-Leu c[1396602,1396687] 35 (taa)
[18:40:21] 56 tRNA-Gly c[1396704,1396775] 33 (gcc)
[18:40:21] 57 tRNA-Thr c[1396785,1396860] 35 (tgt)
[18:40:21] 58 tRNA-Leu c[1396876,1396959] 36 (tag)
[18:40:21] 59 tRNA-Lys c[1396965,1397039] 35 (ttt)
[18:40:21] 60 tRNA-Val c[1397041,1397115] 35 (tac)
[18:40:21] 61 tRNA-Arg [2113716,2113790] 35 (tct)
[18:40:21] 62 tRNA-Arg [2167824,2167899] 36 (cct)
[18:40:21] 63 tRNA-Met [2205178,2205251] 35 (cat)
[18:40:21] 64 tRNA-Thr [2275518,2275590] 34 (cgt)
[18:40:21] 65 tRNA-Asn [2364242,2364317] 36 (gtt)
[18:40:21] 66 tRNA-Thr c[2367303,2367375] 34 (ggt)
[18:40:21] 67 tRNA-Asn [2367588,2367663] 36 (gtt)
[18:40:21] 68 tRNA-Gly [2420753,2420823] 33 (ccc)
[18:40:21] 69 tRNA-Arg c[2491881,2491954] 35 (ccg)
[18:40:21] 70 tRNA-Tyr [2522571,2522651] 35 (gta)
[18:40:21] 71 tRNA-Gln [2522657,2522730] 34 (ttg)
[18:40:21] Found 71 tRNAs
[18:40:21] Predicting Ribosomal RNAs
[18:40:21] You need either Barrnap or RNAmmer installed to predict rRNAs!
[18:40:21] Skipping ncRNA search, enable with --rfam if desired.
[18:40:21] Total of 70 tRNA + rRNA features
[18:40:21] Searching for CRISPR repeats
[18:40:21] Found 0 CRISPRs
[18:40:21] Predicting coding sequences
[18:40:21] Contigs total 3115191 bp, so using single mode
[18:40:21] Running: prodigal -i 03_annotation\/prokka\/efaecium_E745\.fna -c -m -g 11 -p single -f sco -q
[18:40:25] Found 3039 CDS
[18:40:25] Connecting features back to sequences
[18:40:25] Not using genus-specific database. Try --usegenus to enable it.
[18:40:25] Annotating CDS, please be patient.
[18:40:25] Will use 2 CPUs for similarity searching.
[18:40:26] There are still 3039 unannotated CDS left (started with 3039)
[18:40:26] Will use blast to search against /sw/arch/eb/software/prokka/1.14.5-gompi-2024a/db/kingdom/Bacteria/IS with 2 CPUs
[18:40:26] Running: cat 03_annotation\/prokka\/efaecium_E745\.IS\.tmp\.1785280\.faa | parallel --gnu --plain -j 2 --block 224937 --recstart '>' --pipe blastp -query - -db /sw/arch/eb/software/prokka/1.14.5-gompi-2024a/db/kingdom/Bacteria/IS -evalue 1e-30 -qcov_hsp_perc 90 -num_threads 1 -num_descriptions 1 -num_alignments 1 -seg no > 03_annotation\/prokka\/efaecium_E745\.IS\.tmp\.1785280\.blast 2> /dev/null
[18:41:15] Deleting unwanted file: 03_annotation/prokka/efaecium_E745.IS.tmp.1785280.faa
[18:41:15] Deleting unwanted file: 03_annotation/prokka/efaecium_E745.IS.tmp.1785280.blast
[18:41:15] There are still 2875 unannotated CDS left (started with 3039)
[18:41:15] Will use blast to search against /sw/arch/eb/software/prokka/1.14.5-gompi-2024a/db/kingdom/Bacteria/AMR with 2 CPUs
[18:41:15] Running: cat 03_annotation\/prokka\/efaecium_E745\.AMR\.tmp\.1785280\.faa | parallel --gnu --plain -j 2 --block 211336 --recstart '>' --pipe blastp -query - -db /sw/arch/eb/software/prokka/1.14.5-gompi-2024a/db/kingdom/Bacteria/AMR -evalue 1e-300 -qcov_hsp_perc 90 -num_threads 1 -num_descriptions 1 -num_alignments 1 -seg no > 03_annotation\/prokka\/efaecium_E745\.AMR\.tmp\.1785280\.blast 2> /dev/null
[18:41:43] Deleting unwanted file: 03_annotation/prokka/efaecium_E745.AMR.tmp.1785280.faa
[18:41:43] Deleting unwanted file: 03_annotation/prokka/efaecium_E745.AMR.tmp.1785280.blast
[18:41:43] There are still 2873 unannotated CDS left (started with 3039)
[18:41:43] Will use blast to search against /sw/arch/eb/software/prokka/1.14.5-gompi-2024a/db/kingdom/Bacteria/sprot with 2 CPUs
[18:41:43] Running: cat 03_annotation\/prokka\/efaecium_E745\.sprot\.tmp\.1785280\.faa | parallel --gnu --plain -j 2 --block 211085 --recstart '>' --pipe blastp -query - -db /sw/arch/eb/software/prokka/1.14.5-gompi-2024a/db/kingdom/Bacteria/sprot -evalue 1e-09 -qcov_hsp_perc 80 -num_threads 1 -num_descriptions 1 -num_alignments 1 -seg no > 03_annotation\/prokka\/efaecium_E745\.sprot\.tmp\.1785280\.blast 2> /dev/null
[18:43:48] Modify product: Putative phosphatase M6_Spy0533 => Putative phosphatase
[18:43:48] Modify product: Uncharacterized protein YjcQ => putative protein YjcQ
[18:43:48] Modify product: Probable siderophore-binding lipoprotein YfiY => putative siderophore-binding lipoprotein YfiY
[18:43:48] Modify product: Uncharacterized protein YqgN => putative protein YqgN
[18:43:48] Modify product: Uncharacterized protein YqgQ => putative protein YqgQ
[18:43:48] Modify product: Uncharacterized protein YibN => putative protein YibN
[18:43:48] Modify product: Probable ribosomal protein YlxQ => putative ribosomal protein YlxQ
[18:43:48] Modify product: Uncharacterized protease YdeA => putative protease YdeA
[18:43:48] Modify product: Probable cell division protein WhiA => putative cell division protein WhiA
[18:43:48] Modify product: Probable GTP-binding protein EngB => putative GTP-binding protein EngB
[18:43:48] Modify product: Uncharacterized RNA methyltransferase SP_1029 => putative RNA methyltransferase
[18:43:48] Modify product: UPF0176 protein SP_0095 => hypothetical protein
[18:43:48] Modify product: GTP cyclohydrolase 1 type 2 homolog => GTP cyclohydrolase 1 type 2 
[18:43:48] Modify product: Probable licABCH operon regulator => putative licABCH operon regulator
[18:43:48] Modify product: Uncharacterized oxidoreductase YghA => putative oxidoreductase YghA
[18:43:48] Modify product: Stress response regulator gls24 homolog => Stress response regulator gls24 
[18:43:48] Modify product: Probable peptidoglycan glycosyltransferase FtsW => putative peptidoglycan glycosyltransferase FtsW
[18:43:48] Modify product: Probable ABC transporter extracellular-binding protein YckB => putative ABC transporter extracellular-binding protein YckB
[18:43:48] Modify product: UPF0371 protein DIP2346 => hypothetical protein
[18:43:48] Modify product: UPF0340 protein YwlG => hypothetical protein
[18:43:48] Modify product: Uncharacterized ABC transporter permease Rv0072 => putative ABC transporter permease
[18:43:48] Modify product: Uncharacterized HTH-type transcriptional regulator YbbH => putative HTH-type transcriptional regulator YbbH
[18:43:48] Modify product: Uncharacterized oxidoreductase YhhX => putative oxidoreductase YhhX
[18:43:48] Modify product: Rqc2 homolog RqcH => Rqc2 RqcH
[18:43:48] Modify product: Acetyltransferase SACOL1063 => Acetyltransferase
[18:43:48] Modify product: Uncharacterized epimerase/dehydratase SA0511 => putative epimerase/dehydratase
[18:43:48] Modify product: Uncharacterized protein YedJ => putative protein YedJ
[18:43:48] Modify product: UPF0398 protein YpsA => hypothetical protein
[18:43:48] Modify product: UPF0291 protein SP_1473 => hypothetical protein
[18:43:48] Modify product: Uncharacterized MscS family protein YkuT => putative MscS family protein YkuT
[18:43:48] Modify product: Probable glutamine ABC transporter permease protein GlnP => putative glutamine ABC transporter permease protein GlnP
[18:43:48] Modify product: Probable glutamine ABC transporter permease protein GlnM => putative glutamine ABC transporter permease protein GlnM
[18:43:48] Modify product: Putative universal stress protein SA1532 => Putative universal stress protein
[18:43:48] Modify product: UPF0234 protein XC_3703 => hypothetical protein
[18:43:48] Modify product: Probable metallo-hydrolase M6_Spy0554 => putative metallo-hydrolase
[18:43:48] Modify product: Uncharacterized protein YqeN => putative protein YqeN
[18:43:48] Modify product: Uncharacterized protein YlbL => putative protein YlbL
[18:43:48] Modify product: Probable peptidoglycan glycosyltransferase FtsW => putative peptidoglycan glycosyltransferase FtsW
[18:43:48] Modify product: UPF0358 protein EF_2458 => hypothetical protein
[18:43:48] Modify product: UPF0223 protein BH2638 => hypothetical protein
[18:43:48] Modify product: Uncharacterized membrane protein YuaF => putative membrane protein YuaF
[18:43:48] Modify product: Uncharacterized metal-dependent hydrolase YcfH => putative metal-dependent hydrolase YcfH
[18:43:48] Modify product: Probable HTH-type transcriptional repressor ExuR => putative HTH-type transcriptional repressor ExuR
[18:43:48] Modify product: UPF0316 protein SA1727 => hypothetical protein
[18:43:48] Modify product: Probable manganese-dependent inorganic pyrophosphatase => putative manganese-dependent inorganic pyrophosphatase
[18:43:48] Modify product: Uncharacterized protein YccU => putative protein YccU
[18:43:48] Modify product: UPF0346 protein YozE => hypothetical protein
[18:43:48] Modify product: DegV domain-containing protein SP_1112 => DegV domain-containing protein
[18:43:48] Modify product: UPF0073 inner membrane protein YqfA => hypothetical protein
[18:43:48] Modify product: Uncharacterized protein YpjD => putative protein YpjD
[18:43:48] Modify product: UPF0302 protein BA_1542/GBAA_1542/BAS1430 => hypothetical protein
[18:43:48] Modify product: 30S ribosomal protein S1 homolog => 30S ribosomal protein S1 
[18:43:48] Modify product: Putative dipeptidase SA1572 => Putative dipeptidase
[18:43:48] Modify product: Calcium-transporting ATPase lmo0841 => Calcium-transporting ATPase
[18:43:48] Modify product: Putative universal stress protein SA1532 => Putative universal stress protein
[18:43:48] Modify product: Uncharacterized protein PA2218 => putative protein
[18:43:48] Modify product: Uncharacterized HTH-type transcriptional regulator HI_0186 => putative HTH-type transcriptional regulator
[18:43:48] Modify product: Deacetylase EF_0837 => Deacetylase
[18:43:48] Modify product: Probable L-ascorbate-6-phosphate lactonase UlaG => putative L-ascorbate-6-phosphate lactonase UlaG
[18:43:48] Modify product: Uncharacterized HTH-type transcriptional regulator YbbH => putative HTH-type transcriptional regulator YbbH
[18:43:48] Modify product: Probable tautomerase SAR1376 => putative tautomerase
[18:43:48] Modify product: Probable transcriptional regulatory protein YeeN => putative transcriptional regulatory protein YeeN
[18:43:48] Modify product: RNA-binding protein HI_1333 => RNA-binding protein
[18:43:48] Modify product: Uncharacterized protein YqeH => putative protein YqeH
[18:43:48] Modify product: Uncharacterized protein YkuJ => putative protein YkuJ
[18:43:48] Modify product: UPF0053 inner membrane protein YfjD => hypothetical protein
[18:43:48] Modify product: Acetyltransferase SACOL1063 => Acetyltransferase
[18:43:48] Modify product: UPF0374 protein SP_1903 => hypothetical protein
[18:43:48] Modify product: Probable undecaprenyl-phosphate N-acetylglucosaminyl 1-phosphate transferase => putative undecaprenyl-phosphate N-acetylglucosaminyl 1-phosphate transferase
[18:43:48] Modify product: DegV domain-containing protein MW1315 => DegV domain-containing protein
[18:43:48] Modify product: Uncharacterized ABC transporter ATP-binding protein YbiT => putative ABC transporter ATP-binding protein YbiT
[18:43:48] Modify product: Probable transporter SCO4007 => putative transporter
[18:43:48] Modify product: UPF0213 protein EF_2693 => hypothetical protein
[18:43:48] Modify product: Uncharacterized AAA domain-containing protein Rv2559c => putative AAA domain-containing protein
[18:43:48] Modify product: Putative universal stress protein SA1532 => Putative universal stress protein
[18:43:48] Modify product: Uncharacterized ABC transporter ATP-binding protein YbiT => putative ABC transporter ATP-binding protein YbiT
[18:43:49] Modify product: Uncharacterized symporter YjmB => putative symporter YjmB
[18:43:49] Modify product: Uncharacterized multiple-sugar transport system permease YteP => putative multiple-sugar transport system permease YteP
[18:43:49] Modify product: Probable HTH-type transcriptional repressor ExuR => putative HTH-type transcriptional repressor ExuR
[18:43:49] Modify product: Putative multidrug export ATP-binding/permease protein SAV1866 => Putative multidrug export ATP-binding/permease protein
[18:43:49] Modify product: UPF0342 protein SA1663 => hypothetical protein
[18:43:49] Modify product: Uncharacterized multiple-sugar transport system permease YteP => putative multiple-sugar transport system permease YteP
[18:43:49] Modify product: Probable licABCH operon regulator => putative licABCH operon regulator
[18:43:49] Modify product: Uncharacterized ABC transporter ATP-binding protein Rv1273c => putative ABC transporter ATP-binding protein
[18:43:49] Modify product: Uncharacterized ABC transporter ATP-binding protein TM_0288 => putative ABC transporter ATP-binding protein
[18:43:49] Modify product: Uncharacterized ABC transporter ATP-binding protein TM_0288 => putative ABC transporter ATP-binding protein
[18:43:49] Modify product: Uncharacterized ABC transporter ATP-binding protein Rv1273c => putative ABC transporter ATP-binding protein
[18:43:49] Modify product: Probable transcriptional regulatory protein HI_0315 => putative transcriptional regulatory protein
[18:43:49] Modify product: UPF0701 protein YicC => hypothetical protein
[18:43:49] Modify product: Uncharacterized PIN and TRAM-domain containing protein YacL => putative PIN and TRAM-domain containing protein YacL
[18:43:49] Modify product: Uncharacterized oxidoreductase SA2266 => putative oxidoreductase
[18:43:49] Modify product: Putative acetyltransferase SA2342 => Putative acetyltransferase
[18:43:49] Modify product: Zinc-type alcohol dehydrogenase-like protein SA1988 => Zinc-type alcohol dehydrogenase-like protein
[18:43:49] Modify product: Probable tRNA-dihydrouridine synthase => putative tRNA-dihydrouridine synthase
[18:43:49] Modify product: Uncharacterized ABC transporter ATP-binding protein YadG => putative ABC transporter ATP-binding protein YadG
[18:43:49] Modify product: 23S rRNA 5-hydroxycytidine C2501 synthase => 23S rRNA 5-hydroxycytidine synthase
[18:43:49] Modify product: DegV domain-containing protein MW1315 => DegV domain-containing protein
[18:43:49] Modify product: Uncharacterized ABC transporter ATP-binding protein YbiT => putative ABC transporter ATP-binding protein YbiT
[18:43:49] Modify product: Potassium channel HX13_20290 => Potassium channel
[18:43:49] Modify product: Uncharacterized protein Spy1614 => putative protein
[18:43:49] Modify product: Uncharacterized protein SA1069 => putative protein
[18:43:49] Modify product: Uncharacterized protein YueI => putative protein YueI
[18:43:49] Modify product: Potassium channel HX13_20290 => Potassium channel
[18:43:49] Modify product: UPF0178 protein YaiI => hypothetical protein
[18:43:49] Modify product: Probable protein kinase UbiB => putative protein kinase UbiB
[18:43:49] Modify product: Zinc-type alcohol dehydrogenase-like protein SA1988 => Zinc-type alcohol dehydrogenase-like protein
[18:43:49] Modify product: Putative universal stress protein SA1532 => Putative universal stress protein
[18:43:49] Modify product: Uncharacterized oxidoreductase SpyM50865 => putative oxidoreductase
[18:43:49] Modify product: UPF0145 protein YbjQ => hypothetical protein
[18:43:49] Modify product: Multidrug efflux system permease protein Rv1217c => Multidrug efflux system permease protein
[18:43:49] Modify product: Multidrug efflux system ATP-binding protein Rv1218c => Multidrug efflux system ATP-binding protein
[18:43:49] Modify product: Probable glutamate/gamma-aminobutyrate antiporter => putative glutamate/gamma-aminobutyrate antiporter
[18:43:49] Modify product: Probable UbiX-like flavin prenyltransferase => putative UbiX-like flavin prenyltransferase
[18:43:49] Modify product: Uncharacterized membrane protein YdfK => putative membrane protein YdfK
[18:43:49] Modify product: Uncharacterized ABC transporter ATP-binding protein Rv0986 => putative ABC transporter ATP-binding protein
[18:43:49] Modify product: Glutathione peroxidase homolog BsaA => Glutathione peroxidase BsaA
[18:43:49] Modify product: Probable N-acetyl-LL-diaminopimelate aminotransferase => putative N-acetyl-LL-diaminopimelate aminotransferase
[18:43:49] Modify product: UPF0702 transmembrane protein YetF => hypothetical protein
[18:43:49] Modify product: Probable transport protein YifK => putative transport protein YifK
[18:43:49] Modify product: Probable pyridine nucleotide-disulfide oxidoreductase RclA => putative pyridine nucleotide-disulfide oxidoreductase RclA
[18:43:49] Modify product: Probable manganese catalase => putative manganese catalase
[18:43:49] Modify product: Probable arabinose-binding protein => putative arabinose-binding protein
[18:43:49] Modify product: Probable glucose uptake protein GlcU => putative glucose uptake protein GlcU
[18:43:49] Modify product: Uncharacterized amino acid permease YhdG => putative amino acid permease YhdG
[18:43:49] Modify product: TelA-like protein SA1238 => TelA-like protein
[18:43:49] Modify product: Prophage bactoprenol glucosyl transferase homolog => Prophage bactoprenol glucosyl transferase 
[18:43:49] Modify product: UPF0324 inner membrane protein YeiH => hypothetical protein
[18:43:49] Modify product: Probable ABC transporter ATP-binding protein M6_Spy0273 => putative ABC transporter ATP-binding protein
[18:43:49] Modify product: UPF0051 protein SA0778 => hypothetical protein
[18:43:49] Modify product: UPF0051 protein SA0778 => hypothetical protein
[18:43:49] Modify product: Uncharacterized ABC transporter ATP-binding protein YknY => putative ABC transporter ATP-binding protein YknY
[18:43:49] Modify product: Putative lipid kinase SP_1045 => Putative lipid kinase
[18:43:49] Modify product: Phosphorylated carbohydrates phosphatase TM_1254 => Phosphorylated carbohydrates phosphatase
[18:43:49] Modify product: Uncharacterized amino acid permease YvbW => putative amino acid permease YvbW
[18:43:49] Modify product: Uncharacterized sugar epimerase YhfK => putative sugar epimerase YhfK
[18:43:49] Modify product: Probable acrylyl-CoA reductase AcuI => putative acrylyl-CoA reductase AcuI
[18:43:49] Modify product: Probable phosphotransferase enzyme IIB component M6_Spy0801 => putative phosphotransferase enzyme IIB component
[18:43:49] Modify product: Uncharacterized HTH-type transcriptional regulator YdjF => putative HTH-type transcriptional regulator YdjF
[18:43:49] Modify product: Nucleoid-associated protein SP_1102 => Nucleoid-associated protein
[18:43:49] Modify product: Uncharacterized protein Rv1339 => putative protein
[18:43:49] Modify product: Uncharacterized protein Spy1535 => putative protein
[18:43:49] Modify product: Bifunctional protein FolD => Bifunctional protein FolD protein
[18:43:49] Modify product: Probable ATP-dependent RNA helicase YfmL => putative ATP-dependent RNA helicase YfmL
[18:43:49] Modify product: Uncharacterized ABC transporter ATP-binding protein Rv1273c => putative ABC transporter ATP-binding protein
[18:43:49] Modify product: Probable mannose-6-phosphate isomerase GmuF => putative mannose-6-phosphate isomerase GmuF
[18:43:49] Modify product: Probable dual-specificity RNA methyltransferase RlmN => putative dual-specificity RNA methyltransferase RlmN
[18:43:49] Modify product: Uncharacterized ABC transporter ATP-binding protein TM_0288 => putative ABC transporter ATP-binding protein
[18:43:49] Modify product: Uncharacterized ABC transporter ATP-binding protein Rv1273c => putative ABC transporter ATP-binding protein
[18:43:49] Modify product: Probable phosphotransferase enzyme IIB component M6_Spy0801 => putative phosphotransferase enzyme IIB component
[18:43:49] Modify product: UPF0309 protein BH3325 => hypothetical protein
[18:43:49] Modify product: UPF0173 metal-dependent hydrolase SA1529 => hypothetical protein
[18:43:49] Modify product: Probable bifunctional oligoribonuclease and PAP phosphatase NrnA => putative bifunctional oligoribonuclease and PAP phosphatase NrnA
[18:43:49] Modify product: Uncharacterized protein YpjQ => putative protein YpjQ
[18:43:49] Modify product: Probable ketoamine kinase HMPREF0351_12196 => putative ketoamine kinase
[18:43:49] Modify product: Probable tRNA sulfurtransferase => putative tRNA sulfurtransferase
[18:43:49] Modify product: Phosphorylated carbohydrates phosphatase TM_1254 => Phosphorylated carbohydrates phosphatase
[18:43:49] Modify product: UPF0758 protein SP_1088 => hypothetical protein
[18:43:49] Modify product: UPF0356 protein M6_Spy1605 => hypothetical protein
[18:43:49] Modify product: Uncharacterized ABC transporter ATP-binding protein Rv1273c => putative ABC transporter ATP-binding protein
[18:43:49] Modify product: Uncharacterized ABC transporter ATP-binding protein TM_0288 => putative ABC transporter ATP-binding protein
[18:43:49] Modify product: Probable arabinose-binding protein => putative arabinose-binding protein
[18:43:49] Modify product: Uncharacterized ABC transporter ATP-binding protein YheS => putative ABC transporter ATP-binding protein YheS
[18:43:49] Modify product: UPF0297 protein EF_1202 => hypothetical protein
[18:43:49] Modify product: UPF0473 protein SP_0194 => hypothetical protein
[18:43:49] Modify product: Uncharacterized ABC transporter permease Rv0072 => putative ABC transporter permease
[18:43:49] Modify product: Uncharacterized protein YhaP => putative protein YhaP
[18:43:49] Modify product: Uncharacterized isomerase YddE => putative isomerase YddE
[18:43:49] Modify product: Probable DNA-directed RNA polymerase subunit delta => putative DNA-directed RNA polymerase subunit delta
[18:43:49] Modify product: Probable succinyl-diaminopimelate desuccinylase => putative succinyl-diaminopimelate desuccinylase
[18:43:49] Modify product: Uncharacterized protein YjdJ => putative protein YjdJ
[18:43:49] Modify product: Probable protein-export membrane protein SecG => putative protein-export membrane protein SecG
[18:43:49] Modify product: Uncharacterized N-acetyltransferase YvbK => putative N-acetyltransferase YvbK
[18:43:49] Modify product: Phosphate-specific transport system accessory protein PhoU homolog => Phosphate-specific transport system accessory protein PhoU 
[18:43:49] Modify product: Probable endonuclease 4 => putative endonuclease 4
[18:43:49] Modify product: UPF0154 protein SA1178 => hypothetical protein
[18:43:49] Modify product: Probable multidrug resistance ABC transporter ATP-binding/permease protein YheI => putative multidrug resistance ABC transporter ATP-binding/permease protein YheI
[18:43:49] Modify product: Probable multidrug resistance ABC transporter ATP-binding/permease protein YheH => putative multidrug resistance ABC transporter ATP-binding/permease protein YheH
[18:43:49] Modify product: Probable 6-phospho-beta-glucosidase => putative 6-phospho-beta-glucosidase
[18:43:49] Modify product: Uncharacterized protein YqeY => putative protein YqeY
[18:43:49] Modify product: Probable capsular polysaccharide biosynthesis protein YwqC => putative capsular polysaccharide biosynthesis protein YwqC
[18:43:49] Modify product: Uncharacterized sugar transferase EpsL => putative sugar transferase EpsL
[18:43:49] Modify product: Probable copper-importing P-type ATPase A => putative copper-importing P-type ATPase A
[18:43:49] Modify product: UPF0122 protein SP_1288 => hypothetical protein
[18:43:49] Modify product: UPF0109 protein Rv2908c => hypothetical protein
[18:43:49] Modify product: Uncharacterized HTH-type transcriptional regulator YurK => putative HTH-type transcriptional regulator YurK
[18:43:49] Modify product: Probable phosphotransferase enzyme IIB component M6_Spy0801 => putative phosphotransferase enzyme IIB component
[18:43:49] Modify product: Uncharacterized ABC transporter ATP-binding protein Rv0986 => putative ABC transporter ATP-binding protein
[18:43:49] Modify product: Uncharacterized response regulatory protein SACOL0201 => putative response regulatory protein
[18:43:49] Modify product: Uncharacterized multiple-sugar transport system permease YteP => putative multiple-sugar transport system permease YteP
[18:43:49] Cleaned 189 /product names
[18:43:49] Deleting unwanted file: 03_annotation/prokka/efaecium_E745.sprot.tmp.1785280.faa
[18:43:49] Deleting unwanted file: 03_annotation/prokka/efaecium_E745.sprot.tmp.1785280.blast
[18:43:49] There are still 1402 unannotated CDS left (started with 3039)
[18:43:49] Will use hmmer3 to search against /sw/arch/eb/software/prokka/1.14.5-gompi-2024a/db/hmm/HAMAP.hmm with 2 CPUs
[18:43:49] Running: cat 03_annotation\/prokka\/efaecium_E745\.HAMAP\.hmm\.tmp\.1785280\.faa | parallel --gnu --plain -j 2 --block 86192 --recstart '>' --pipe hmmscan --noali --notextw --acc -E 1e-09 --cpu 1 /sw/arch/eb/software/prokka/1.14.5-gompi-2024a/db/hmm/HAMAP.hmm /dev/stdin > 03_annotation\/prokka\/efaecium_E745\.HAMAP\.hmm\.tmp\.1785280\.hmmer3 2> /dev/null
[18:44:36] Modify product: Protein SprT-like => Protein SprT-like protein
[18:44:36] Modify product: Uncharacterized MFS-type transporter YfcJ => putative MFS-type transporter YfcJ
[18:44:36] Cleaned 2 /product names
[18:44:36] Deleting unwanted file: 03_annotation/prokka/efaecium_E745.HAMAP.hmm.tmp.1785280.faa
[18:44:36] Deleting unwanted file: 03_annotation/prokka/efaecium_E745.HAMAP.hmm.tmp.1785280.hmmer3
[18:44:36] Labelling remaining 1281 proteins as 'hypothetical protein'
[18:44:36] Possible /pseudo 'IS256 family transposase ISEf1' at tig00000001_pilon position 2684
[18:44:36] Possible /pseudo 'Phosphonoacetaldehyde hydrolase' at tig00000001_pilon position 103280
[18:44:36] Possible /pseudo 'Xylulose-5-phosphate phosphoketolase' at tig00000001_pilon position 125694
[18:44:36] Possible /pseudo 'Na(+), Li(+), K(+)/H(+) antiporter subunit B' at tig00000001_pilon position 221209
[18:44:36] Possible /pseudo 'General stress protein A' at tig00000001_pilon position 300630
[18:44:36] Possible /pseudo 'Dihydroorotate dehydrogenase B (NAD(+)), electron transfer subunit' at tig00000001_pilon position 426823
[18:44:36] Possible /pseudo 'Di-/tripeptide transporter' at tig00000001_pilon position 517570
[18:44:36] Possible /pseudo 'Sensor histidine kinase DcuS' at tig00000001_pilon position 607453
[18:44:36] Possible /pseudo 'Undecaprenyl-phosphate 4-deoxy-4-formamido-L-arabinose transferase' at tig00000001_pilon position 879135
[18:44:36] Possible /pseudo 'IS3 family transposase ISEfa8' at tig00000001_pilon position 911492
[18:44:36] Possible /pseudo 'IS30 family transposase IS1252' at tig00000001_pilon position 965021
[18:44:36] Possible /pseudo 'putative ABC transporter ATP-binding protein' at tig00000001_pilon position 1143072
[18:44:36] Possible /pseudo 'putative ABC transporter ATP-binding protein' at tig00000001_pilon position 1156522
[18:44:36] Possible /pseudo 'Multidrug efflux protein YfmO' at tig00000001_pilon position 1252182
[18:44:36] Possible /pseudo 'Putative NAD(P)H nitroreductase YodC' at tig00000001_pilon position 1255843
[18:44:36] Possible /pseudo 'putative protein' at tig00000001_pilon position 1512088
[18:44:36] Possible /pseudo 'Calcium-transporting ATPase 1' at tig00000001_pilon position 1625066
[18:44:36] Possible /pseudo 'IS3 family transposase IS1485' at tig00000001_pilon position 1671938
[18:44:36] Possible /pseudo 'IS256 family transposase ISEf1' at tig00000001_pilon position 1681347
[18:44:36] Possible /pseudo 'Na(+)/H(+) antiporter NhaC' at tig00000001_pilon position 1760085
[18:44:36] Possible /pseudo 'Regulatory protein Spx' at tig00000001_pilon position 1821963
[18:44:36] Possible /pseudo 'Coenzyme A biosynthesis bifunctional protein CoaBC' at tig00000001_pilon position 2042448
[18:44:36] Possible /pseudo 'PTS system fructose-specific EIIABC component' at tig00000001_pilon position 2076914
[18:44:36] Possible /pseudo 'PTS system mannose-specific EIIAB component' at tig00000001_pilon position 2122057
[18:44:36] Possible /pseudo 'IS3 family transposase ISEfa8' at tig00000001_pilon position 2206254
[18:44:36] Possible /pseudo 'putative ABC transporter ATP-binding protein' at tig00000001_pilon position 2313896
[18:44:36] Possible /pseudo 'IS3 family transposase IS1485' at tig00000001_pilon position 2365553
[18:44:36] Possible /pseudo 'putative ABC transporter ATP-binding protein' at tig00000001_pilon position 2391364
[18:44:36] Possible /pseudo 'Phosphate import ATP-binding protein PstB 3' at tig00000001_pilon position 2539487
[18:44:36] Possible /pseudo 'IS3 family transposase ISEfa8' at tig00000001_pilon position 2723755
[18:44:36] Possible /pseudo 'IS6 family transposase IS1216V' at tig00000002_pilon position 578
[18:44:36] Possible /pseudo 'IS3 family transposase ISEfa8' at tig00000002_pilon position 37704
[18:44:36] Possible /pseudo 'IS3 family transposase ISEfa8' at tig00000002_pilon position 40320
[18:44:36] Possible /pseudo 'IS256 family transposase ISBsu2' at tig00000002_pilon position 85446
[18:44:36] Possible /pseudo 'IS3 family transposase IS1485' at tig00000002_pilon position 88623
[18:44:36] Possible /pseudo 'IS3 family transposase ISEfa10' at tig00000002_pilon position 124532
[18:44:36] Possible /pseudo 'ISL3 family transposase ISEfa5' at tig00000002_pilon position 198686
[18:44:36] Found 1180 unique /gene codes.
[18:44:36] Fixed 2 duplicate /gene - vanH_1 vanH_2
[18:44:36] Fixed 2 duplicate /gene - bcrA_1 bcrA_2
[18:44:36] Fixed 2 duplicate /gene - araR_1 araR_2
[18:44:36] Fixed 2 duplicate /gene - ccpA_1 ccpA_2
[18:44:36] Fixed 2 duplicate /gene - cdr_1 cdr_2
[18:44:36] Fixed 2 duplicate /gene - mltF_1 mltF_2
[18:44:36] Fixed 2 duplicate /gene - gltC_1 gltC_2
[18:44:36] Fixed 2 duplicate /gene - murA1_1 murA1_2
[18:44:36] Fixed 2 duplicate /gene - murR_1 murR_2
[18:44:36] Fixed 2 duplicate /gene - abfA_1 abfA_2
[18:44:36] Fixed 5 duplicate /gene - dgaR_1 dgaR_2 dgaR_3 dgaR_4 dgaR_5
[18:44:36] Fixed 2 duplicate /gene - mprF_1 mprF_2
[18:44:36] Fixed 2 duplicate /gene - uxuA_1 uxuA_2
[18:44:36] Fixed 2 duplicate /gene - pstB3_1 pstB3_2
[18:44:36] Fixed 2 duplicate /gene - ptcB_1 ptcB_2
[18:44:36] Fixed 2 duplicate /gene - ldh_1 ldh_2
[18:44:36] Fixed 2 duplicate /gene - phnX_1 phnX_2
[18:44:36] Fixed 2 duplicate /gene - gatA_1 gatA_2
[18:44:36] Fixed 2 duplicate /gene - oppF_1 oppF_2
[18:44:36] Fixed 2 duplicate /gene - rluB_1 rluB_2
[18:44:36] Fixed 5 duplicate /gene - lacF_1 lacF_2 lacF_3 lacF_4 lacF_5
[18:44:36] Fixed 2 duplicate /gene - iscS_1 iscS_2
[18:44:36] Fixed 2 duplicate /gene - recQ_1 recQ_2
[18:44:36] Fixed 2 duplicate /gene - mutS2_1 mutS2_2
[18:44:36] Fixed 2 duplicate /gene - yfmO_1 yfmO_2
[18:44:36] Fixed 2 duplicate /gene - cspLA_1 cspLA_2
[18:44:36] Fixed 2 duplicate /gene - steT_1 steT_2
[18:44:36] Fixed 3 duplicate /gene - ptsG_1 ptsG_2 ptsG_3
[18:44:36] Fixed 2 duplicate /gene - melR_1 melR_2
[18:44:36] Fixed 2 duplicate /gene - licA_1 licA_2
[18:44:36] Fixed 2 duplicate /gene - guaA_1 guaA_2
[18:44:36] Fixed 3 duplicate /gene - lacG_1 lacG_2 lacG_3
[18:44:36] Fixed 4 duplicate /gene - degA_1 degA_2 degA_3 degA_4
[18:44:36] Fixed 2 duplicate /gene - opuCA_1 opuCA_2
[18:44:36] Fixed 2 duplicate /gene - ligA_1 ligA_2
[18:44:36] Fixed 6 duplicate /gene - manX_1 manX_2 manX_3 manX_4 manX_5 manX_6
[18:44:36] Fixed 3 duplicate /gene - smc_1 smc_2 smc_3
[18:44:36] Fixed 2 duplicate /gene - gmuC_1 gmuC_2
[18:44:36] Fixed 2 duplicate /gene - uvrC_1 uvrC_2
[18:44:36] Fixed 3 duplicate /gene - xylB_1 xylB_2 xylB_3
[18:44:36] Fixed 2 duplicate /gene - pnp_1 pnp_2
[18:44:36] Fixed 2 duplicate /gene - nanE_1 nanE_2
[18:44:36] Fixed 2 duplicate /gene - srrA_1 srrA_2
[18:44:36] Fixed 2 duplicate /gene - araN_1 araN_2
[18:44:36] Fixed 3 duplicate /gene - artM_1 artM_2 artM_3
[18:44:36] Fixed 2 duplicate /gene - tadA_1 tadA_2
[18:44:36] Fixed 2 duplicate /gene - pyrK_1 pyrK_2
[18:44:36] Fixed 2 duplicate /gene - eis_1 eis_2
[18:44:36] Fixed 2 duplicate /gene - mntB_1 mntB_2
[18:44:36] Fixed 2 duplicate /gene - rex_1 rex_2
[18:44:36] Fixed 2 duplicate /gene - ygaZ_1 ygaZ_2
[18:44:36] Fixed 2 duplicate /gene - arcD1_1 arcD1_2
[18:44:36] Fixed 2 duplicate /gene - mtlF_1 mtlF_2
[18:44:36] Fixed 2 duplicate /gene - wbgU_1 wbgU_2
[18:44:36] Fixed 2 duplicate /gene - rpmF_1 rpmF_2
[18:44:36] Fixed 3 duplicate /gene - gatC_1 gatC_2 gatC_3
[18:44:36] Fixed 2 duplicate /gene - yvdM_1 yvdM_2
[18:44:36] Fixed 2 duplicate /gene - galK_1 galK_2
[18:44:36] Fixed 2 duplicate /gene - licR_1 licR_2
[18:44:36] Fixed 2 duplicate /gene - oppD_1 oppD_2
[18:44:36] Fixed 2 duplicate /gene - clsA_1 clsA_2
[18:44:36] Fixed 3 duplicate /gene - agaA_1 agaA_2 agaA_3
[18:44:36] Fixed 2 duplicate /gene - yfnB_1 yfnB_2
[18:44:36] Fixed 2 duplicate /gene - umpB_1 umpB_2
[18:44:36] Fixed 2 duplicate /gene - scrB_1 scrB_2
[18:44:36] Fixed 6 duplicate /gene - rhaR_1 rhaR_2 rhaR_3 rhaR_4 rhaR_5 rhaR_6
[18:44:36] Fixed 2 duplicate /gene - ribZ_1 ribZ_2
[18:44:36] Fixed 3 duplicate /gene - licC_1 licC_2 licC_3
[18:44:36] Fixed 2 duplicate /gene - gph_1 gph_2
[18:44:36] Fixed 2 duplicate /gene - COQ5_1 COQ5_2
[18:44:36] Fixed 2 duplicate /gene - rpsN2_1 rpsN2_2
[18:44:36] Fixed 2 duplicate /gene - ybaK_1 ybaK_2
[18:44:36] Fixed 2 duplicate /gene - folA_1 folA_2
[18:44:36] Fixed 2 duplicate /gene - ulaA_1 ulaA_2
[18:44:36] Fixed 2 duplicate /gene - rpmGA_1 rpmGA_2
[18:44:36] Fixed 3 duplicate /gene - tagU_1 tagU_2 tagU_3
[18:44:36] Fixed 2 duplicate /gene - pbpX_1 pbpX_2
[18:44:36] Fixed 2 duplicate /gene - dcuS_1 dcuS_2
[18:44:36] Fixed 3 duplicate /gene - ybiT_1 ybiT_2 ybiT_3
[18:44:36] Fixed 2 duplicate /gene - fabZ_1 fabZ_2
[18:44:36] Fixed 2 duplicate /gene - lacE_1 lacE_2
[18:44:36] Fixed 3 duplicate /gene - yteP_1 yteP_2 yteP_3
[18:44:36] Fixed 2 duplicate /gene - gmk_1 gmk_2
[18:44:36] Fixed 3 duplicate /gene - yidA_1 yidA_2 yidA_3
[18:44:36] Fixed 4 duplicate /gene - soj_1 soj_2 soj_3 soj_4
[18:44:36] Fixed 2 duplicate /gene - gap_1 gap_2
[18:44:36] Fixed 2 duplicate /gene - sorB_1 sorB_2
[18:44:36] Fixed 2 duplicate /gene - dinG_1 dinG_2
[18:44:36] Fixed 5 duplicate /gene - gmuE_1 gmuE_2 gmuE_3 gmuE_4 gmuE_5
[18:44:36] Fixed 2 duplicate /gene - ohrB_1 ohrB_2
[18:44:36] Fixed 2 duplicate /gene - ntpJ_1 ntpJ_2
[18:44:36] Fixed 2 duplicate /gene - walR_1 walR_2
[18:44:36] Fixed 3 duplicate /gene - cbh_1 cbh_2 cbh_3
[18:44:36] Fixed 2 duplicate /gene - yoeB_1 yoeB_2
[18:44:36] Fixed 2 duplicate /gene - polC_1 polC_2
[18:44:36] Fixed 4 duplicate /gene - sasA_1 sasA_2 sasA_3 sasA_4
[18:44:36] Fixed 2 duplicate /gene - gspA_1 gspA_2
[18:44:36] Fixed 2 duplicate /gene - vanA_1 vanA_2
[18:44:36] Fixed 3 duplicate /gene - argR_1 argR_2 argR_3
[18:44:36] Fixed 3 duplicate /gene - nhaC_1 nhaC_2 nhaC_3
[18:44:36] Fixed 3 duplicate /gene - menH_1 menH_2 menH_3
[18:44:36] Fixed 3 duplicate /gene - sorA_1 sorA_2 sorA_3
[18:44:36] Fixed 3 duplicate /gene - manR_1 manR_2 manR_3
[18:44:36] Fixed 4 duplicate /gene - licT_1 licT_2 licT_3 licT_4
[18:44:36] Fixed 2 duplicate /gene - metQ_1 metQ_2
[18:44:36] Fixed 2 duplicate /gene - panT_1 panT_2
[18:44:36] Fixed 4 duplicate /gene - topB_1 topB_2 topB_3 topB_4
[18:44:36] Fixed 2 duplicate /gene - gtaB_1 gtaB_2
[18:44:36] Fixed 2 duplicate /gene - sbnD_1 sbnD_2
[18:44:36] Fixed 2 duplicate /gene - ftsW_1 ftsW_2
[18:44:36] Fixed 2 duplicate /gene - msrA_1 msrA_2
[18:44:36] Fixed 2 duplicate /gene - mro_1 mro_2
[18:44:36] Fixed 2 duplicate /gene - brnQ_1 brnQ_2
[18:44:36] Fixed 2 duplicate /gene - pepF1_1 pepF1_2
[18:44:36] Fixed 2 duplicate /gene - dapH_1 dapH_2
[18:44:36] Fixed 2 duplicate /gene - arlR_1 arlR_2
[18:44:36] Fixed 2 duplicate /gene - ghrB_1 ghrB_2
[18:44:36] Fixed 2 duplicate /gene - npr_1 npr_2
[18:44:36] Fixed 2 duplicate /gene - atpE_1 atpE_2
[18:44:36] Fixed 2 duplicate /gene - ugl_1 ugl_2
[18:44:36] Fixed 2 duplicate /gene - scaC_1 scaC_2
[18:44:36] Fixed 2 duplicate /gene - aes_1 aes_2
[18:44:36] Fixed 2 duplicate /gene - gmuD_1 gmuD_2
[18:44:36] Fixed 2 duplicate /gene - ssaB_1 ssaB_2
[18:44:36] Fixed 3 duplicate /gene - ssb_1 ssb_2 ssb_3
[18:44:36] Fixed 2 duplicate /gene - glcU_1 glcU_2
[18:44:36] Fixed 2 duplicate /gene - queT_1 queT_2
[18:44:36] Fixed 2 duplicate /gene - pstS1_1 pstS1_2
[18:44:36] Fixed 2 duplicate /gene - xpkA_1 xpkA_2
[18:44:36] Fixed 2 duplicate /gene - rpe_1 rpe_2
[18:44:36] Fixed 2 duplicate /gene - ponA_1 ponA_2
[18:44:36] Fixed 2 duplicate /gene - hrtA_1 hrtA_2
[18:44:36] Fixed 2 duplicate /gene - yodC_1 yodC_2
[18:44:36] Fixed 3 duplicate /gene - murJ_1 murJ_2 murJ_3
[18:44:36] Fixed 5 duplicate /gene - bglF_1 bglF_2 bglF_3 bglF_4 bglF_5
[18:44:36] Fixed 2 duplicate /gene - dagK_1 dagK_2
[18:44:36] Fixed 2 duplicate /gene - treP_1 treP_2
[18:44:36] Fixed 2 duplicate /gene - nox_1 nox_2
[18:44:36] Fixed 5 duplicate /gene - btuD_1 btuD_2 btuD_3 btuD_4 btuD_5
[18:44:36] Fixed 2 duplicate /gene - lacC_1 lacC_2
[18:44:36] Fixed 7 duplicate /gene - araQ_1 araQ_2 araQ_3 araQ_4 araQ_5 araQ_6 araQ_7
[18:44:36] Fixed 2 duplicate /gene - bceA_1 bceA_2
[18:44:36] Fixed 2 duplicate /gene - helD_1 helD_2
[18:44:36] Fixed 2 duplicate /gene - ywpJ_1 ywpJ_2
[18:44:36] Fixed 2 duplicate /gene - folT_1 folT_2
[18:44:36] Fixed 3 duplicate /gene - bglH_1 bglH_2 bglH_3
[18:44:36] Fixed 2 duplicate /gene - malL_1 malL_2
[18:44:36] Fixed 2 duplicate /gene - pglH_1 pglH_2
[18:44:36] Fixed 2 duplicate /gene - frlB_1 frlB_2
[18:44:36] Fixed 2 duplicate /gene - def_1 def_2
[18:44:36] Fixed 2 duplicate /gene - tuf_1 tuf_2
[18:44:36] Fixed 2 duplicate /gene - yxdL_1 yxdL_2
[18:44:36] Fixed 2 duplicate /gene - glnQ_1 glnQ_2
[18:44:36] Fixed 2 duplicate /gene - fabG_1 fabG_2
[18:44:36] Fixed 2 duplicate /gene - metP_1 metP_2
[18:44:36] Fixed 2 duplicate /gene - rluD_1 rluD_2
[18:44:36] Fixed 2 duplicate /gene - rspR_1 rspR_2
[18:44:36] Fixed 2 duplicate /gene - dtpT_1 dtpT_2
[18:44:36] Fixed 2 duplicate /gene - bceB_1 bceB_2
[18:44:36] Fixed 2 duplicate /gene - ltaS1_1 ltaS1_2
[18:44:36] Fixed 13 duplicate /gene - xerC_1 xerC_2 xerC_3 xerC_4 xerC_5 xerC_6 xerC_7 xerC_8 xerC_9 xerC_10 xerC_11 xerC_12 xerC_13
[18:44:36] Fixed 3 duplicate /gene - prsA_1 prsA_2 prsA_3
[18:44:36] Fixed 3 duplicate /gene - umuC_1 umuC_2 umuC_3
[18:44:36] Fixed 2 duplicate /gene - ctpE_1 ctpE_2
[18:44:36] Fixed 2 duplicate /gene - gadC_1 gadC_2
[18:44:36] Fixed 3 duplicate /gene - gpmA_1 gpmA_2 gpmA_3
[18:44:36] Fixed 2 duplicate /gene - phoR_1 phoR_2
[18:44:36] Fixed 2 duplicate /gene - gpsA_1 gpsA_2
[18:44:36] Fixed 2 duplicate /gene - natA_1 natA_2
[18:44:36] Fixed 2 duplicate /gene - walK_1 walK_2
[18:44:36] Fixed 5 duplicate /gene - spxA_1 spxA_2 spxA_3 spxA_4 spxA_5
[18:44:36] Fixed 5 duplicate /gene - fruA_1 fruA_2 fruA_3 fruA_4 fruA_5
[18:44:36] Fixed 2 duplicate /gene - mutS_1 mutS_2
[18:44:36] Fixed 7 duplicate /gene - manZ_1 manZ_2 manZ_3 manZ_4 manZ_5 manZ_6 manZ_7
[18:44:36] Fixed 3 duplicate /gene - arnC_1 arnC_2 arnC_3
[18:44:36] Fixed 2 duplicate /gene - clpP_1 clpP_2
[18:44:36] Fixed 3 duplicate /gene - rhaS_1 rhaS_2 rhaS_3
[18:44:36] Fixed 2 duplicate /gene - coaBC_1 coaBC_2
[18:44:36] Fixed 2 duplicate /gene - yecS_1 yecS_2
[18:44:36] Fixed 2 duplicate /gene - purR_1 purR_2
[18:44:36] Fixed 2 duplicate /gene - rcsC_1 rcsC_2
[18:44:36] Fixed 2 duplicate /gene - lacR_1 lacR_2
[18:44:36] Fixed 2 duplicate /gene - nagR_1 nagR_2
[18:44:36] Fixed 2 duplicate /gene - exuR_1 exuR_2
[18:44:36] Fixed 2 duplicate /gene - ybbH_1 ybbH_2
[18:44:36] Fixed 5 duplicate /gene - bin3_1 bin3_2 bin3_3 bin3_4 bin3_5
[18:44:36] Fixed 3 duplicate /gene - hdfR_1 hdfR_2 hdfR_3
[18:44:36] Fixed 2 duplicate /gene - iolU_1 iolU_2
[18:44:36] Fixed 188 colliding /gene names.
[18:44:36] Adding /locus_tag identifiers
[18:44:36] Assigned 3110 locus_tags to CDS and RNA features.
[18:44:36] Writing outputs to 03_annotation/prokka/
[18:44:37] Generating annotation statistics file
[18:44:37] Generating Genbank and Sequin files
[18:44:37] Running: tbl2asn -V b -a r10k -l paired-ends -M n -N 1 -y 'Annotated using prokka 1.14.5 from https://github.com/tseemann/prokka' -Z 03_annotation\/prokka\/efaecium_E745\.err -i 03_annotation\/prokka\/efaecium_E745\.fsa 2> /dev/null
[18:44:41] Deleting unwanted file: 03_annotation/prokka/errorsummary.val
[18:44:41] Deleting unwanted file: 03_annotation/prokka/efaecium_E745.dr
[18:44:41] Deleting unwanted file: 03_annotation/prokka/efaecium_E745.fixedproducts
[18:44:41] Deleting unwanted file: 03_annotation/prokka/efaecium_E745.ecn
[18:44:41] Deleting unwanted file: 03_annotation/prokka/efaecium_E745.val
[18:44:41] Repairing broken .GBK output that tbl2asn produces...
[18:44:41] Running: sed 's/COORDINATES: profile/COORDINATES:profile/' < 03_annotation\/prokka\/efaecium_E745\.gbf > 03_annotation\/prokka\/efaecium_E745\.gbk
[18:44:41] Deleting unwanted file: 03_annotation/prokka/efaecium_E745.gbf
[18:44:41] Output files:
[18:44:41] 03_annotation/prokka/efaecium_E745.fsa
[18:44:41] 03_annotation/prokka/efaecium_E745.txt
[18:44:41] 03_annotation/prokka/efaecium_E745.ffn
[18:44:41] 03_annotation/prokka/efaecium_E745.tbl
[18:44:41] 03_annotation/prokka/efaecium_E745.sqn
[18:44:41] 03_annotation/prokka/efaecium_E745.gff
[18:44:41] 03_annotation/prokka/efaecium_E745.fna
[18:44:41] 03_annotation/prokka/efaecium_E745.tsv
[18:44:41] 03_annotation/prokka/efaecium_E745.faa
[18:44:41] 03_annotation/prokka/efaecium_E745.err
[18:44:41] 03_annotation/prokka/efaecium_E745.gbk
[18:44:41] 03_annotation/prokka/efaecium_E745.log
[18:44:41] Annotation finished successfully.
[18:44:41] Walltime used: 4.58 minutes
[18:44:41] If you use this result please cite the Prokka paper:
[18:44:41] Seemann T (2014) Prokka: rapid prokaryotic genome annotation. Bioinformatics. 30(14):2068-9.
[18:44:41] Type 'prokka --citation' for more details.
[18:44:41] Share and enjoy!
